Melanocyte	LABEL=Cell
Apoptosis	LABEL=AssociatedBiologicalProcess
Positive Regulation of Cell Differentiation	LABEL=AssociatedBiologicalProcess
Ion Transport Process	LABEL=AssociatedBiologicalProcess
Signal Transduction Inhibition	LABEL=AssociatedBiologicalProcess
Signal Transduction	LABEL=AssociatedBiologicalProcess
Positive Regulation of Apoptosis	LABEL=AssociatedBiologicalProcess
G2 to M Transition Process	LABEL=AssociatedBiologicalProcess
Cell Proliferation Regulatory Process	LABEL=AssociatedBiologicalProcess
Neuroendocrine Cell	LABEL=Cell
Cell-Cell Adhesion Process	LABEL=AssociatedBiologicalProcess
Chemotactic Process	LABEL=AssociatedBiologicalProcess
Cell Adhesion Inhibition	LABEL=AssociatedBiologicalProcess
Cell Defense Process	LABEL=AssociatedBiologicalProcess
Plasma Cell	LABEL=Cell
Neutrophil	LABEL=Cell
Thymocyte	LABEL=Cell
Mature T-Lymphocyte	LABEL=Cell
Cell Adhesion Process	LABEL=AssociatedBiologicalProcess
Antigen Presenting Cell	LABEL=Cell
Leukocyte	LABEL=Cell
Next Generation Sequencing	LABEL=ResearchTechnique
Large-Scale Sequencing	LABEL=ResearchTechnique
Whole Genome Sequencing	LABEL=ResearchTechnique
Whole Exome Sequencing	LABEL=ResearchTechnique
Cell Growth Regulation	LABEL=AssociatedBiologicalProcess
Meiosis	LABEL=AssociatedBiologicalProcess
Mitotic Sister Chromatid Cohesion	LABEL=AssociatedBiologicalProcess
Prometaphase	LABEL=AssociatedBiologicalProcess
B-Cell Differentiation	LABEL=AssociatedBiologicalProcess
Negative Regulation of Apoptosis	LABEL=AssociatedBiologicalProcess
Cellular Migration Process	LABEL=AssociatedBiologicalProcess
Endothelial Cell	LABEL=Cell
Cell Differentiation Process	LABEL=AssociatedBiologicalProcess
Microtubule Process	LABEL=AssociatedBiologicalProcess
Cell Motility	LABEL=AssociatedBiologicalProcess
Cell-Matrix Adhesion Process	LABEL=AssociatedBiologicalProcess
Cytoskeletal Modeling	LABEL=AssociatedBiologicalProcess
Epithelial Cell	LABEL=Cell
In Vitro Bioequivalence or Bioanalytical Testing	LABEL=ResearchTechnique
Research Technique	LABEL=ResearchTechnique
Inhibition of Cell Proliferation	LABEL=AssociatedBiologicalProcess
Signal Transduction Induction	LABEL=AssociatedBiologicalProcess
Regulation of Cell Death Process	LABEL=AssociatedBiologicalProcess
Cell Division Process	LABEL=AssociatedBiologicalProcess
Cell Cycle Regulation Process	LABEL=AssociatedBiologicalProcess
Cell Proliferation	LABEL=AssociatedBiologicalProcess
Regulation of Cell Shape	LABEL=AssociatedBiologicalProcess
Basophil	LABEL=Cell
Mast Cell	LABEL=Cell
Negative Regulation of Cell Cycle	LABEL=AssociatedBiologicalProcess
Leukocyte Trafficking Induction	LABEL=AssociatedBiologicalProcess
Positive Regulation of Mitosis	LABEL=AssociatedBiologicalProcess
Cell Surface Extension	LABEL=AssociatedBiologicalProcess
Regulation of Cell Size	LABEL=AssociatedBiologicalProcess
Cell Cycle Progression	LABEL=AssociatedBiologicalProcess
Keratinocyte Differentiation	LABEL=AssociatedBiologicalProcess
Beta Cell	LABEL=Cell
Natural Killer Cell	LABEL=Cell
CD8-Positive T-Lymphocyte	LABEL=Cell
Gamma/Delta T-Lymphocyte	LABEL=Cell
Small Intestinal Goblet Cell	LABEL=Cell
Negative Regulation of Microtubule Depolymerization	LABEL=AssociatedBiologicalProcess
Cytokinesis	LABEL=AssociatedBiologicalProcess
Epithelial-to-Mesenchymal Transition	LABEL=AssociatedBiologicalProcess
Pyramidal Cell	LABEL=Cell
Stimulation of Cell Proliferation	LABEL=AssociatedBiologicalProcess
Cell Migration Induction	LABEL=AssociatedBiologicalProcess
Neuron	LABEL=Cell
Cell Movement	LABEL=AssociatedBiologicalProcess
Line Probe Assay	LABEL=ResearchTechnique
Molecular Genetic Technique	LABEL=ResearchTechnique
Loop-mediated Isothermal Amplification	LABEL=ResearchTechnique
Nucleic Acid Amplification Test	LABEL=ResearchTechnique
Microbial Liquid Culture	LABEL=ResearchTechnique
Culturing, In Vitro Microbial	LABEL=ResearchTechnique
Microbial Solid Culture	LABEL=ResearchTechnique
Chromosome Segregation	LABEL=AssociatedBiologicalProcess
B-Lymphocyte	LABEL=Cell
Monocyte	LABEL=Cell
Dendritic Cell	LABEL=Cell
G1/S Transition Checkpoint	LABEL=AssociatedBiologicalProcess
Mitotic/Spindle Checkpoint	LABEL=AssociatedBiologicalProcess
Cell Migration Inhibition Process	LABEL=AssociatedBiologicalProcess
Cell Fate Control	LABEL=AssociatedBiologicalProcess
Induction of Cell Senescence	LABEL=AssociatedBiologicalProcess
Cytotoxic T-Lymphocyte	LABEL=Cell
Photoacoustic Spectroscopy	LABEL=ResearchTechnique
Spectroscopy	LABEL=ResearchTechnique
High Performance Liquid Chromatography Mass Spectrometry	LABEL=ResearchTechnique
High Performance Liquid Chromatography	LABEL=ResearchTechnique
Liquid Chromatography Mass Spectrometry	LABEL=ResearchTechnique
Negative Regulation of Cell-Matrix Adhesion	LABEL=AssociatedBiologicalProcess
Positive Regulation of Cell Death	LABEL=AssociatedBiologicalProcess
Macrophage	LABEL=Cell
Cell Survival	LABEL=AssociatedBiologicalProcess
Platelet	LABEL=Cell
Eosinophil	LABEL=Cell
Langerhans Cell	LABEL=Cell
Activated Lymphocyte	LABEL=Cell
T-Cell Proliferation	LABEL=AssociatedBiologicalProcess
Naive T-Lymphocyte	LABEL=Cell
Memory T-Lymphocyte	LABEL=Cell
Effector T-Lymphocyte	LABEL=Cell
Cell Death Process	LABEL=AssociatedBiologicalProcess
T-Lymphocyte	LABEL=Cell
Positive Regulation of Cytolytic Process	LABEL=AssociatedBiologicalProcess
Type 1 Helper Cell	LABEL=Cell
Microtubule Depolymerization Process	LABEL=AssociatedBiologicalProcess
Germ Cell	LABEL=Cell
Negative Regulation of Cell Differentiation	LABEL=AssociatedBiologicalProcess
T-Cell Differentiation	LABEL=AssociatedBiologicalProcess
Activated Natural Killer Cell	LABEL=Cell
Autophagy	LABEL=AssociatedBiologicalProcess
Mitosis	LABEL=AssociatedBiologicalProcess
Microtubule Polymerization Process	LABEL=AssociatedBiologicalProcess
G1 Phase Process	LABEL=AssociatedBiologicalProcess
S Phase Process	LABEL=AssociatedBiologicalProcess
Negative Regulation of Cell Death	LABEL=AssociatedBiologicalProcess
Erythrocyte	LABEL=Cell
Intercalated Cell	LABEL=Cell
Cardiomyocyte	LABEL=Cell
Stress Response Signaling	LABEL=AssociatedBiologicalProcess
Caspase Activation	LABEL=AssociatedBiologicalProcess
Caspase-Dependent Apoptosis	LABEL=AssociatedBiologicalProcess
Keratinization Induction	LABEL=AssociatedBiologicalProcess
Keratinocyte	LABEL=Cell
Chromatin Immunoprecipitation	LABEL=ResearchTechnique
Molecular Analysis	LABEL=ResearchTechnique
ChIP-Seq	LABEL=ResearchTechnique
DNA Analysis	LABEL=ResearchTechnique
ChIP-On-Chip	LABEL=ResearchTechnique
FAIRE-Seq	LABEL=ResearchTechnique
DNase-Seq	LABEL=ResearchTechnique
NOMe-Seq	LABEL=ResearchTechnique
Bisulfite Sequencing	LABEL=ResearchTechnique
MethylC-Seq	LABEL=ResearchTechnique
MNase Sequencing	LABEL=ResearchTechnique
Cell Cycle Process	LABEL=AssociatedBiologicalProcess
Cell Cycle Checkpoint	LABEL=AssociatedBiologicalProcess
Spermatid	LABEL=Cell
Cytoskeletal Process	LABEL=AssociatedBiologicalProcess
Podocyte	LABEL=Cell
Flame Photometry	LABEL=ResearchTechnique
Photometry	LABEL=ResearchTechnique
Immunoturbidimetry	LABEL=ResearchTechnique
Intraepithelial T-Lymphocyte	LABEL=Cell
Pancreatic Stellate Cell	LABEL=Cell
Connective and Soft Tissue Cell	LABEL=Cell
Osteoclast	LABEL=Cell
Tumor Infiltrating Macrophages	LABEL=Cell
Electrochemiluminescence	LABEL=ResearchTechnique
Gas Chromatography Mass Spectrometry	LABEL=ResearchTechnique
Mass Spectrometry	LABEL=ResearchTechnique
Nephelometry	LABEL=ResearchTechnique
Refractometry	LABEL=ResearchTechnique
Turbidimetry	LABEL=ResearchTechnique
Negative Regulation of Mitosis	LABEL=AssociatedBiologicalProcess
Spermatogenic Cell	LABEL=Cell
Metastasis Suppression	LABEL=AssociatedBiologicalProcess
Recent Thymic Emigrant	LABEL=Cell
Peripheral (Post-Thymic) T-Lymphocyte	LABEL=Cell
Peripheral Blood Lymphocyte	LABEL=Cell
Flow Microscopy	LABEL=ResearchTechnique
Lymphocyte	LABEL=Cell
Oligodendrocyte	LABEL=Cell
Particle Sizing	LABEL=ResearchTechnique
Physical Chemical Technique	LABEL=ResearchTechnique
Cell Bank Characterization	LABEL=ResearchTechnique
Cell Culture	LABEL=ResearchTechnique
Cell Bank Maintenance	LABEL=ResearchTechnique
Cell Culture Pooling	LABEL=ResearchTechnique
Disposable Bag Culture	LABEL=ResearchTechnique
Flask or Bottle Culture	LABEL=ResearchTechnique
Perfusion Culture	LABEL=ResearchTechnique
Scaffold Seeding	LABEL=ResearchTechnique
Air Classification Particle Sizing	LABEL=ResearchTechnique
Cooling/Congealing Particle Sizing	LABEL=ResearchTechnique
Particle Sizing, Not Otherwise Specified	LABEL=ResearchTechnique
Screening Particle Sizing	LABEL=ResearchTechnique
Size Reduction Particle Sizing	LABEL=ResearchTechnique
Wet Milling Particle Sizing	LABEL=ResearchTechnique
Cell Aging	LABEL=AssociatedBiologicalProcess
Chemotaxis Induction	LABEL=AssociatedBiologicalProcess
Regulatory B Cell	LABEL=Cell
Mature B-Lymphocyte	LABEL=Cell
Immature Myeloid Cell	LABEL=Cell
Myeloid Cell	LABEL=Cell
T Helper 17 Cell	LABEL=Cell
Helper-Inducer T-Lymphocyte	LABEL=Cell
SCID-Repopulating Cell	LABEL=Cell
Hematopoietic Stem Cell	LABEL=Cell
Cell Mobility	LABEL=AssociatedBiologicalProcess
Prophase Process	LABEL=AssociatedBiologicalProcess
Fibroblast	LABEL=Cell
Pyroptosis	LABEL=AssociatedBiologicalProcess
Stem Cell Differentiation	LABEL=AssociatedBiologicalProcess
CXCL12-Abundant Reticular Cell	LABEL=Cell
Reticular Cell	LABEL=Cell
Glial Cell	LABEL=Cell
Circulating Stem Cell	LABEL=Cell
Stem Cell	LABEL=Cell
Invariant Natural Killer T-Cell	LABEL=Cell
Mucosal-Associated Invariant T-Cell	LABEL=Cell
Circulating Adipose Stromal Cell	LABEL=Cell
Lipocyte	LABEL=Cell
Cross-linking Immunoprecipitation High-throughput Sequencing	LABEL=ResearchTechnique
Direct Sequencing	LABEL=ResearchTechnique
Biopolymer Sequencing	LABEL=ResearchTechnique
Digital Array	LABEL=ResearchTechnique
Polymerase Chain Reaction	LABEL=ResearchTechnique
Multiple Complete Digest Restriction Fragment Mapping	LABEL=ResearchTechnique
Restriction Enzyme Mapping	LABEL=ResearchTechnique
Multiplex Ligation-dependent Probe Amplification	LABEL=ResearchTechnique
Optical Mapping	LABEL=ResearchTechnique
Oncotype DX DCIS Score	LABEL=ResearchTechnique
Tumor-Associated Macrophage	LABEL=Cell
Bone Marrow-Derived Cell	LABEL=Cell
Hematopoietic and Lymphoid Cell	LABEL=Cell
Fiber-Optic Spectroscopy	LABEL=ResearchTechnique
Polarized Reflectance Spectroscopy	LABEL=ResearchTechnique
Allele-Specific Oligonucleotide Real-Time Quantitative Polymerase Chain Reaction	LABEL=ResearchTechnique
Real Time PCR	LABEL=ResearchTechnique
Cell Proliferation Assay	LABEL=ResearchTechnique
Cellular Assay	LABEL=ResearchTechnique
Circulating Tumor Cell Analysis	LABEL=ResearchTechnique
Fourier Transform Ion Cyclotron Resonance Mass Spectrometry	LABEL=ResearchTechnique
Immunologic Technique	LABEL=ResearchTechnique
Magnetic Affinity Cell Sorting	LABEL=ResearchTechnique
Cell Sorting	LABEL=ResearchTechnique
Spectrophotometry	LABEL=ResearchTechnique
Platelet Aggregation Process	LABEL=AssociatedBiologicalProcess
HBV Genotype Assay	LABEL=ResearchTechnique
Genotyping	LABEL=ResearchTechnique
HCV Genotype Assay	LABEL=ResearchTechnique
Cell Death Signaling Process	LABEL=AssociatedBiologicalProcess
Nuclear Division	LABEL=AssociatedBiologicalProcess
Smooth Muscle Cell	LABEL=Cell
Germline Genotype Testing	LABEL=ResearchTechnique
B Cell Proliferation	LABEL=AssociatedBiologicalProcess
Regulation of Antibody Titer Process	LABEL=AssociatedBiologicalProcess
Mitotic Chromosomal Process	LABEL=AssociatedBiologicalProcess
Nerve Cell Survival	LABEL=AssociatedBiologicalProcess
Exhausted T-Cell	LABEL=Cell
Negative Regulation of G1 Phase	LABEL=AssociatedBiologicalProcess
Negative Regulation of G2 to M Transition	LABEL=AssociatedBiologicalProcess
SPF10-LiPA PCR Assay	LABEL=ResearchTechnique
GP5+/GP6+ PCR Assay	LABEL=ResearchTechnique
PGMY09/PGMY11 PCR Assay	LABEL=ResearchTechnique
MY09/MY11 PCR Assay	LABEL=ResearchTechnique
Linear Array HPV Genotyping Test	LABEL=ResearchTechnique
Fibrocyte	LABEL=Cell
T-Lymphocyte and Natural Killer Cell	LABEL=Cell
Analytical Ultracentrifugation	LABEL=ResearchTechnique
Centrifugation	LABEL=ResearchTechnique
Gas Chromatography/Tandem Mass Spectrometry	LABEL=ResearchTechnique
Gas Chromatography	LABEL=ResearchTechnique
Gas Chromatography/Chemical Ionization Mass Spectrometry	LABEL=ResearchTechnique
Gas Chromatography/Electron Ionization Mass Spectrometry	LABEL=ResearchTechnique
High-performance Liquid Chromatography/Ion-Exchange Chromatography	LABEL=ResearchTechnique
High-performance Liquid Chromatography/Tandem Mass Spectrometry	LABEL=ResearchTechnique
High-performance Liquid Chromatography-Fluorescence	LABEL=ResearchTechnique
High-performance Liquid Chromatography-UV	LABEL=ResearchTechnique
Neuronophagia	LABEL=AssociatedBiologicalProcess
Phagocytosis	LABEL=AssociatedBiologicalProcess
FSH Cell	LABEL=Cell
LH Cell	LABEL=Cell
Negative Regulation of Microtubule Polymerization	LABEL=AssociatedBiologicalProcess
Incision-induced Bleeding Method	LABEL=ResearchTechnique
Negative Regulation of G2 Phase	LABEL=AssociatedBiologicalProcess
Cryoscopy	LABEL=ResearchTechnique
Duke Incision Method	LABEL=ResearchTechnique
Enzymatic Ultracentrifugation	LABEL=ResearchTechnique
Ivy Incision Method	LABEL=ResearchTechnique
Liquid Chromatography/Tandem Mass Spectrometry	LABEL=ResearchTechnique
Liquid Chromatography-Fluorescence	LABEL=ResearchTechnique
Liquid Chromatography	LABEL=ResearchTechnique
Liquid Scintillation Counting	LABEL=ResearchTechnique
Template Incision Method	LABEL=ResearchTechnique
Transcription-mediated Amplification	LABEL=ResearchTechnique
Ultra High-performance Liquid Chromatography/Tandem Mass Spectrometry	LABEL=ResearchTechnique
Central Memory Immune Cell	LABEL=Cell
Immune Cell	LABEL=Cell
Effector Memory Immune Cell	LABEL=Cell
Effector Immune Cell	LABEL=Cell
Suppressive Monocyte	LABEL=Cell
Gitter Cell	LABEL=Cell
Microglia	LABEL=Cell
Conventional Dendritic Cell	LABEL=Cell
M2 Macrophage	LABEL=Cell
Cell Response Index	LABEL=ResearchTechnique
Genome-Wide 5-Hydroxymethylcytosine Profile	LABEL=ResearchTechnique
DNA Methylation Analysis	LABEL=ResearchTechnique
Cytokine and Angiogenic Factor Profile	LABEL=ResearchTechnique
Differential Methylation	LABEL=ResearchTechnique
Growth Behavior	LABEL=AssociatedBiologicalProcess
Cell Growth	LABEL=AssociatedBiologicalProcess
Epithelial Cell Proliferation	LABEL=AssociatedBiologicalProcess
Cardiac Stem Cell	LABEL=Cell
Multipotent Stem Cell	LABEL=Cell
Induced Pluripotent Stem Cell	LABEL=Cell
Pluripotent Stem Cell	LABEL=Cell
Endothelial Progenitor Cell	LABEL=Cell
Human Umbilical Cord Perivascular Cell	LABEL=Cell
Mesenchymal Stem Cell	LABEL=Cell
Whole Transcriptome Sequencing	LABEL=ResearchTechnique
Basal Cell	LABEL=Cell
Cell of the Epidermis	LABEL=Cell
Astrocyte	LABEL=Cell
Clear Cell	LABEL=Cell
Glandular Cell	LABEL=Cell
Ductal Epithelial Cell	LABEL=Cell
Spermatogonium	LABEL=Cell
Endocrine Cell	LABEL=Cell
Cell	LABEL=Cell
Blastomere	LABEL=Cell
Totipotent Stem Cell	LABEL=Cell
Embryonic Cell	LABEL=Cell
Peripheral Blood Cell	LABEL=Cell
Erythroid Stem Cell	LABEL=Cell
Bone Marrow Myeloid Stem Cell	LABEL=Cell
Erythroblast	LABEL=Cell
Reticulocyte	LABEL=Cell
Granulocyte	LABEL=Cell
Peripheral (Post-Thymic) T-Lymphocyte and Natural Killer Cell	LABEL=Cell
CD4-Positive T-Lymphocyte	LABEL=Cell
Type 2 Helper Cell	LABEL=Cell
Suppressor-Inducer T-Lymphocyte	LABEL=Cell
Suppressor-Effector T-Lymphocyte	LABEL=Cell
Tumor Infiltrating Lymphocyte	LABEL=Cell
Bone Marrow Blood-Forming Cell	LABEL=Cell
Bone Marrow Stem Cell	LABEL=Cell
Megakaryocyte	LABEL=Cell
Embryonic Stem Cell	LABEL=Cell
Chromaffin Cell	LABEL=Cell
Neural Crest-Derived Cell	LABEL=Cell
Adipocyte	LABEL=Cell
Chondrocyte	LABEL=Cell
Cartilage Cell	LABEL=Cell
Phagocytic Cell	LABEL=Cell
Epithelioid Cell	LABEL=Cell
Histiocyte	LABEL=Cell
Histiocytic and Dendritic Cell	LABEL=Cell
Kupffer Cell	LABEL=Cell
Alveolar Macrophage	LABEL=Cell
Peritoneal Macrophage	LABEL=Cell
Odontoblast	LABEL=Cell
Tooth Cell	LABEL=Cell
Osteoblast	LABEL=Cell
Bone Cell	LABEL=Cell
Osteocyte	LABEL=Cell
Stromal Cell	LABEL=Cell
Theca Cell	LABEL=Cell
Endocrine-Stromal Cell	LABEL=Cell
Endocrine Cell of the Digestive System	LABEL=Cell
Delta Cell	LABEL=Cell
Enterochromaffin Cell	LABEL=Cell
Enterochromaffin-Like Cell	LABEL=Cell
G-Cell	LABEL=Cell
Ameloblast	LABEL=Cell
Chief Cell	LABEL=Cell
Specialized Epithelial Cell	LABEL=Cell
Enterocyte	LABEL=Cell
Goblet Cell	LABEL=Cell
Secretory Cell	LABEL=Cell
Granulosa Cell	LABEL=Cell
Hepatocyte	LABEL=Cell
Skin Squamous Cell	LABEL=Cell
Ion Semiconductor Sequencing	LABEL=ResearchTechnique
Nucleic Acid Sequencing	LABEL=ResearchTechnique
Supporting Cell of Organ of Corti	LABEL=Cell
Merkel Cell	LABEL=Cell
Paneth Cell	LABEL=Cell
Parietal Cell	LABEL=Cell
Gastric Glandular Cell	LABEL=Cell
Sertoli Cell	LABEL=Cell
Particle-Enhanced Nephelometric Immunoassay	LABEL=ResearchTechnique
Particle-Enhanced Turbidimetric Immunoassay	LABEL=ResearchTechnique
Eukaryotic Cell	LABEL=Cell
Oocyte	LABEL=Cell
Primary Oocyte	LABEL=Cell
Zygote	LABEL=Cell
Spermatozoon	LABEL=Cell
Spermatocyte	LABEL=Cell
Leydig Cell	LABEL=Cell
Lutein Cell	LABEL=Cell
Gene Modification	LABEL=ResearchTechnique
Antibody-Producing Cell	LABEL=Cell
Muscle Cell	LABEL=Cell
Supporting Cell of the Nervous System	LABEL=Cell
Neuroepithelial Cell	LABEL=Cell
Perineuronal Satellite Cell	LABEL=Cell
Satellite Cell	LABEL=Cell
Schwann Cell	LABEL=Cell
Perineural Cell	LABEL=Cell
Follicular Dendritic Cell	LABEL=Cell
Neuron, Neuroepithelial Cell, and Supporting Cell of the Nervous System	LABEL=Cell
Interneuron	LABEL=Cell
Multipolar Neuron	LABEL=Cell
Amacrine Cell	LABEL=Cell
Sensory Neuron	LABEL=Cell
Hair Cell	LABEL=Cell
Mechanoreceptor Cell	LABEL=Cell
Type I Hair Cell	LABEL=Cell
Type II Hair Cell	LABEL=Cell
Vestibular Hair Cell	LABEL=Cell
Olfactory Receptor Neuron	LABEL=Cell
Photoreceptor Cell	LABEL=Cell
Retinal Ganglion Cell	LABEL=Cell
Dehydration	LABEL=ResearchTechnique
Cone	LABEL=Cell
Rod	LABEL=Cell
Posterior Horn Cell	LABEL=Cell
Effector Memory T-Lymphocyte	LABEL=Cell
Ganglion Cell	LABEL=Cell
Central Memory T-Lymphocyte	LABEL=Cell
Efferent Neuron	LABEL=Cell
Motor Neuron	LABEL=Cell
Anterior Horn Cell	LABEL=Cell
Gamma Motor Neuron	LABEL=Cell
Nitrergic Neuron	LABEL=Cell
Purkinje Cell	LABEL=Cell
Oxyphil Cell	LABEL=Cell
Positive Regulation of Platelet Aggregation Process	LABEL=AssociatedBiologicalProcess
APUD Cell	LABEL=Cell
Pericyte	LABEL=Cell
Mucus-Secreting Cell	LABEL=Cell
Type 1 Regulatory T-Cell	LABEL=Cell
Chemotaxis Inhibition	LABEL=AssociatedBiologicalProcess
Leukocyte Trafficking Inhibition	LABEL=AssociatedBiologicalProcess
Germinal Center B-Lymphocyte	LABEL=Cell
Negative Regulation of G1 to S Transition	LABEL=AssociatedBiologicalProcess
Acidophilic Cell	LABEL=Cell
Consensus PCR	LABEL=ResearchTechnique
Nested PCR	LABEL=ResearchTechnique
Decipher Prostate Cancer Test	LABEL=ResearchTechnique
Molecular Profiling	LABEL=ResearchTechnique
Interferon-Gamma Release Assay	LABEL=ResearchTechnique
Immune Cell Function Assay	LABEL=ResearchTechnique
CD16+ CD56+ CD69+ Lymphocyte	LABEL=Cell
Squamous Cell	LABEL=Cell
Transitional Cell	LABEL=Cell
GenomePlex Whole Genome Amplification	LABEL=ResearchTechnique
Whole Genome Amplification	LABEL=ResearchTechnique
REPLI-g Whole Genome Amplification	LABEL=ResearchTechnique
RNA Isolation	LABEL=ResearchTechnique
Cellular Tropism	LABEL=AssociatedBiologicalProcess
Small Cleaved Follicle Center Cell	LABEL=Cell
Activated B-Lymphocyte	LABEL=Cell
Blast Cell	LABEL=Cell
EBV-Specific Cytotoxic T-Lymphocyte	LABEL=Cell
Large Granular Lymphocyte	LABEL=Cell
Mature Lymphocyte	LABEL=Cell
Autologous Lymphocyte	LABEL=Cell
Mitotic Catastrophe	LABEL=AssociatedBiologicalProcess
mRNA Sequencing	LABEL=ResearchTechnique
Peripheral Blood Stem Cell	LABEL=Cell
Somatic Cell	LABEL=Cell
Peripheral Blood Mononuclear Cell	LABEL=Cell
Liver Stem Cell	LABEL=Cell
White Blood Cell Lysis	LABEL=AssociatedBiologicalProcess
Cytolytic Process	LABEL=AssociatedBiologicalProcess
Serum Protein Electrophoresis	LABEL=ResearchTechnique
Electrophoresis	LABEL=ResearchTechnique
Total RNA Expression Profile	LABEL=ResearchTechnique
MicroRNA Expression Profile	LABEL=ResearchTechnique
Tumor cDNA Expression Profile	LABEL=ResearchTechnique
cDNA Expression	LABEL=ResearchTechnique
Neural Stem Cell	LABEL=Cell
Epigenetic Profile	LABEL=ResearchTechnique
Single Nucleotide Polymorphism Profile	LABEL=ResearchTechnique
Short Tandem Repeat Profile	LABEL=ResearchTechnique
Promoter-specific Methylation Profile	LABEL=ResearchTechnique
Hypermethylation Profile	LABEL=ResearchTechnique
Hypomethylation Profile	LABEL=ResearchTechnique
Red Cell Fatty Acid Profile	LABEL=ResearchTechnique
Genome-Wide Allelic Status	LABEL=ResearchTechnique
Global DNA Methylation Profile	LABEL=ResearchTechnique
Natural Killer T-Cell	LABEL=Cell
Myeloid-Derived Suppressor Cell	LABEL=Cell
Neuroblast	LABEL=Cell
Neuroectodermal Cell	LABEL=Cell
Rhabdomyocyte	LABEL=Cell
Striated Muscle Cell	LABEL=Cell
Ependymal Cell	LABEL=Cell
Lymphoid Blood-Forming Cell	LABEL=Cell
Lymphoblast	LABEL=Cell
Immature Lymphocyte	LABEL=Cell
Monoblast	LABEL=Cell
Myeloblast	LABEL=Cell
High Resolution Melt Analysis	LABEL=ResearchTechnique
Next Generation Targeted Sequencing	LABEL=ResearchTechnique
Allele Specific Primer Polymerase Chain Reaction	LABEL=ResearchTechnique
Sequence-based Typing	LABEL=ResearchTechnique
Sequence-specific Oligonucleotide Probe Polymerase Chain Reaction	LABEL=ResearchTechnique
Single-strand Conformation Polymerase Chain Reaction	LABEL=ResearchTechnique
Synovial Cell	LABEL=Cell
Acinar Cell	LABEL=Cell
Circulating Tumor-Reactive T-Cell	LABEL=Cell
Immature Granulocyte	LABEL=Cell
Promyelocyte	LABEL=Cell
Myelocyte	LABEL=Cell
Metamyelocyte	LABEL=Cell
Band Cell	LABEL=Cell
Prolymphocyte	LABEL=Cell
Immature Monocyte	LABEL=Cell
Promonocyte	LABEL=Cell
Megakaryoblast	LABEL=Cell
Memory B-Lymphocyte	LABEL=Cell
Epithelial Reticular Cell	LABEL=Cell
Immature Platelet	LABEL=Cell
Proerythroblast	LABEL=Cell
Basophilic Erythroblast	LABEL=Cell
Polychromatic Erythroblast	LABEL=Cell
Orthochromatic Erythroblast	LABEL=Cell
Club Cell	LABEL=Cell
Squamous Alveolar Lining Cell	LABEL=Cell
Alveolar Cell	LABEL=Cell
Epithelial Receptor Cell	LABEL=Cell
Taste Bud Cell	LABEL=Cell
Light Cell	LABEL=Cell
Type III Epithelial Receptor Cell	LABEL=Cell
Olfactory Epithelial Cell	LABEL=Cell
Olfactory Receptor Cell	LABEL=Cell
Bipolar Neuron	LABEL=Cell
Olfactory Supporting Cell	LABEL=Cell
Olfactory Basal Cell	LABEL=Cell
Receptor Cell	LABEL=Cell
Cuboidal Cell	LABEL=Cell
Columnar Cell	LABEL=Cell
Mesangial Cell	LABEL=Cell
Juxtaglomerular Cell	LABEL=Cell
Taste Bud Basal Cell	LABEL=Cell
Respiratory Pathogen Panel	LABEL=ResearchTechnique
Herpes Simplex Virus 1 DNA (Presence)	LABEL=ResearchTechnique
Herpes Simplex Virus 2 DNA (Presence)	LABEL=ResearchTechnique
Herpes Virus 6 DNA (Presence)	LABEL=ResearchTechnique
Myoepithelial Cell	LABEL=Cell
Derived Placental Blood Cell	LABEL=Cell
Hematopoietic Progenitor Cells from Apheresis	LABEL=Cell
Hematopoietic Progenitor Cells from Cord Blood	LABEL=Cell
Allogeneic Lymphocyte	LABEL=Cell
Regulation of Nuclear Division	LABEL=AssociatedBiologicalProcess
Deoxyribonucleic Acid Measurement	LABEL=ResearchTechnique
Accelerator Mass Spectrometry	LABEL=ResearchTechnique
Freezing Point Depression	LABEL=ResearchTechnique
Gas Chromatography and Flame Ionization Detection	LABEL=ResearchTechnique
Population Sequencing	LABEL=ResearchTechnique
Gene Expression Level Analysis	LABEL=ResearchTechnique
Genetic Sub-Region Sequence	LABEL=ResearchTechnique
Predicted Single Nucleotide Polymorphism Frequency	LABEL=ResearchTechnique
Genetic Sequence Length	LABEL=ResearchTechnique
Genetic Sequence Start Location	LABEL=ResearchTechnique
Urine Protein Electrophoresis	LABEL=ResearchTechnique
Urine Immunofixation Electrophoresis	LABEL=ResearchTechnique
Immunofixation	LABEL=ResearchTechnique
Serum Immunofixation Electrophoresis	LABEL=ResearchTechnique
Determination of Tumor DNA Mismatch Repair Status	LABEL=ResearchTechnique
Epstein-Barr Encoding Region in situ Hybridization	LABEL=ResearchTechnique
In Situ Hybridization	LABEL=ResearchTechnique
Peripheral B-Lymphocyte of Inner Mantle Zone	LABEL=Cell
Derived Synovial Fluid Cell	LABEL=Cell
Derived Peripheral Blood Mononuclear Cell	LABEL=Cell
Derived Dental Pulp	LABEL=Cell
A260 to A280 Ratio	LABEL=ResearchTechnique
A260 to A230 Ratio	LABEL=ResearchTechnique
Percent of Nucleotide Markers Exhibiting Instability	LABEL=ResearchTechnique
Microsatellite Instability Analysis	LABEL=ResearchTechnique
Microsatellite Instability Overall Status	LABEL=ResearchTechnique
Microsatellite Stability Assessment	LABEL=ResearchTechnique
RAS Protein Family Activation Assay	LABEL=ResearchTechnique
In Vitro Assay	LABEL=ResearchTechnique
M Phase Process	LABEL=AssociatedBiologicalProcess
Cell Maintenance	LABEL=AssociatedBiologicalProcess
Oncotype DX Genomic Prostate Score	LABEL=ResearchTechnique
Clauss Method	LABEL=ResearchTechnique
Kinetic Chromogenic Assay	LABEL=ResearchTechnique
Micro-Latex Particle-Mediated Immunoassay	LABEL=ResearchTechnique
Potentiometry	LABEL=ResearchTechnique
Silver-Enhanced in Situ Hybridization	LABEL=ResearchTechnique
BRCA Mutation Analysis	LABEL=ResearchTechnique
Genetic Variation Analysis	LABEL=ResearchTechnique
454 Sequencing	LABEL=ResearchTechnique
ABI SOLiD Sequencing	LABEL=ResearchTechnique
BGISEQ-500 Sequencing	LABEL=ResearchTechnique
Capillary Sequencing	LABEL=ResearchTechnique
Complete Genomics Sequencing	LABEL=ResearchTechnique
Helicos Sequencing	LABEL=ResearchTechnique
Illumina Sequencing	LABEL=ResearchTechnique
Oxford Nanopore Sequencing	LABEL=ResearchTechnique
SMRT Sequencing	LABEL=ResearchTechnique
T-Cell Differentiation in the Thymus	LABEL=AssociatedBiologicalProcess
Prolaris Prostate Cancer Testing	LABEL=ResearchTechnique
Skeletal Muscle Cell	LABEL=Cell
Ecological Momentary Assessment	LABEL=ResearchTechnique
Paired-End Sequencing	LABEL=ResearchTechnique
Second-strand Library Sequencing	LABEL=ResearchTechnique
Unstranded Library Sequencing	LABEL=ResearchTechnique
First-strand Library Sequencing	LABEL=ResearchTechnique
Microdensitometry	LABEL=ResearchTechnique
Densitometry	LABEL=ResearchTechnique
G1 to S Transition Process	LABEL=AssociatedBiologicalProcess
Cell-free System	LABEL=ResearchTechnique
Metaphase Process	LABEL=AssociatedBiologicalProcess
Guardant360	LABEL=ResearchTechnique
Molecular Diagnostic Method	LABEL=ResearchTechnique
Hematopoietic Immune Cell	LABEL=Cell
Caris Molecular Intelligence Tumor Profiling	LABEL=ResearchTechnique
Nucleotide Sequence Read	LABEL=ResearchTechnique
Sequence Analysis	LABEL=ResearchTechnique
Read Length	LABEL=ResearchTechnique
Tumor-Infiltrating Immune Cell	LABEL=Cell
DNA Sequencing	LABEL=ResearchTechnique
ADCC Assay	LABEL=ResearchTechnique
ExoDx Prostate Intelliscore	LABEL=ResearchTechnique
Enzymatic Spectrophotometry	LABEL=ResearchTechnique
Oscillometry	LABEL=ResearchTechnique
Secondary Ion Mass Spectrometry	LABEL=ResearchTechnique
Immunochromatography	LABEL=ResearchTechnique
Chromatography	LABEL=ResearchTechnique
Automated Count	LABEL=ResearchTechnique
Manual Count	LABEL=ResearchTechnique
Westergren Tube Method	LABEL=ResearchTechnique
Impedance Conductivity	LABEL=ResearchTechnique
Influenza Virus-Specific Culture	LABEL=ResearchTechnique
Myeloid Mutation Panel	LABEL=ResearchTechnique
Mutation Detection	LABEL=ResearchTechnique
M1 Macrophage	LABEL=Cell
ATAC-Seq	LABEL=ResearchTechnique
MicroRNA Sequencing	LABEL=ResearchTechnique
Genetic Testing for Cancer Risk	LABEL=ResearchTechnique
Genetic Testing	LABEL=ResearchTechnique
Alpha/Beta T-Lymphocyte	LABEL=Cell
Bone Marrow Mononuclear Cell	LABEL=Cell
AssureMDx	LABEL=ResearchTechnique
Proximity Ligation Assay	LABEL=ResearchTechnique
Protein Analysis	LABEL=ResearchTechnique
1p/19q Codeletion Status	LABEL=ResearchTechnique
Cytogenetic Analysis	LABEL=ResearchTechnique
ATRX Mutation Status by Sequencing	LABEL=ResearchTechnique
ATRX Mutation Analysis	LABEL=ResearchTechnique
BAP1 Mutation Analysis	LABEL=ResearchTechnique
BRAF Mutation Analysis	LABEL=ResearchTechnique
CDH1 Mutation Analysis	LABEL=ResearchTechnique
CTNNB1 Mutation Analysis	LABEL=ResearchTechnique
ERBB2 Mutation Analysis	LABEL=ResearchTechnique
FGFR1 Mutation Analysis	LABEL=ResearchTechnique
FGFR2 Mutation Analysis	LABEL=ResearchTechnique
FGFR3 Mutation Analysis	LABEL=ResearchTechnique
GNA11 Mutation Analysis	LABEL=ResearchTechnique
GNAQ Mutation Analysis	LABEL=ResearchTechnique
HRAS Mutation Analysis	LABEL=ResearchTechnique
IDH1/IDH2 Mutation Analysis	LABEL=ResearchTechnique
IDH1/2 Mutation Status by Sequencing	LABEL=ResearchTechnique
NRAS Mutation Analysis	LABEL=ResearchTechnique
BRAF Rearrangement Analysis	LABEL=ResearchTechnique
Gene Rearrangement Analysis	LABEL=ResearchTechnique
ERG Rearrangement Analysis	LABEL=ResearchTechnique
ETV Rearrangement Analysis	LABEL=ResearchTechnique
FGFR1 Rearrangement Analysis	LABEL=ResearchTechnique
FGFR2 Rearrangement Analysis	LABEL=ResearchTechnique
FGFR3 Rearrangement Analysis	LABEL=ResearchTechnique
PAX8 Rearrangement Analysis	LABEL=ResearchTechnique
RET Rearrangement Analysis	LABEL=ResearchTechnique
Cell Expansion	LABEL=ResearchTechnique
Pegylation	LABEL=ResearchTechnique
TERT Promoter Mutation Analysis	LABEL=ResearchTechnique
TP53 Mutation Status by Sequencing	LABEL=ResearchTechnique
TP53 Mutation Analysis	LABEL=ResearchTechnique
ERBB2 Amplification Status	LABEL=ResearchTechnique
MET Amplification Status	LABEL=ResearchTechnique
PALB2 Mutation Analysis	LABEL=ResearchTechnique
Somatic Mutation Analysis	LABEL=ResearchTechnique
Somatic Cell Genetics	LABEL=ResearchTechnique
Esophageal Manometry	LABEL=ResearchTechnique
Manometry	LABEL=ResearchTechnique
Restraint	LABEL=ResearchTechnique
Thermal Ionization Mass Spectrometry	LABEL=ResearchTechnique
Immune Repertoire Deep Sequencing	LABEL=ResearchTechnique
Multiplex Real-time Polymerase Chain Reaction Assay	LABEL=ResearchTechnique
Targeted Transcriptome Sequencing	LABEL=ResearchTechnique
Targeted Genome Sequencing	LABEL=ResearchTechnique
Chemical Restraint	LABEL=ResearchTechnique
Physical Restraint	LABEL=ResearchTechnique
Chemical and Physical Restraint	LABEL=ResearchTechnique
Negative Regulation of G0 to G1 Transition	LABEL=AssociatedBiologicalProcess
Myeloid Stem Cell	LABEL=Cell
del(10q23)/PTEN Gene Locus Deletion Analysis	LABEL=ResearchTechnique
EGFR Amplification Status	LABEL=ResearchTechnique
EGFR Mutation Analysis	LABEL=ResearchTechnique
KIT Mutation Analysis	LABEL=ResearchTechnique
MET Mutation Analysis	LABEL=ResearchTechnique
NF1 Mutation Analysis	LABEL=ResearchTechnique
PDGFRA Mutation Analysis	LABEL=ResearchTechnique
PTEN Mutation Analysis	LABEL=ResearchTechnique
ROS1 Rearrangement Analysis	LABEL=ResearchTechnique
SDH Complex Mutation Analysis	LABEL=ResearchTechnique
Renomedullary Interstitial Cell	LABEL=Cell
Interstitial Cell	LABEL=Cell
Dual-probe in Situ Hybridization	LABEL=ResearchTechnique
ALK Rearrangement Analysis	LABEL=ResearchTechnique
MLH1 Gene Promoter Hypermethylation Status	LABEL=ResearchTechnique
Coherent Anti-Stokes Raman Spectroscopy	LABEL=ResearchTechnique
Raman Spectroscopy	LABEL=ResearchTechnique
C51 Cytotoxicity Assay	LABEL=ResearchTechnique
Keratinization	LABEL=AssociatedBiologicalProcess
Cellular Process	LABEL=AssociatedBiologicalProcess
1-Dimensional Chromatography	LABEL=ResearchTechnique
2-Dimensional Chromatography	LABEL=ResearchTechnique
3-Dimensional Chromatography	LABEL=ResearchTechnique
Reversed-Phase Liquid Chromatography	LABEL=ResearchTechnique
Affinity Chromatography	LABEL=ResearchTechnique
Basic Reversed-Phase Liquid Chromatography	LABEL=ResearchTechnique
pH 7.5 Basic Reversed-Phase Liquid Chromatography	LABEL=ResearchTechnique
pH 10 Basic Reversed-Phase Liquid Chromatography	LABEL=ResearchTechnique
Strong-Cation-Exchange Chromatography	LABEL=ResearchTechnique
2-Dimensional Reversed-Phase Liquid Chromatography	LABEL=ResearchTechnique
Higher-Energy Collisional Dissociation	LABEL=ResearchTechnique
Electron-Transfer Dissociation	LABEL=ResearchTechnique
Electron-Capture Dissociation	LABEL=ResearchTechnique
Immobilized Metal Affinity Chromatography	LABEL=ResearchTechnique
Immobilized Metal Affinity Chromatography with Phosphopeptide Enrichment	LABEL=ResearchTechnique
MS3	LABEL=ResearchTechnique
Label-Free Mass Spectrometry	LABEL=ResearchTechnique
Isobaric Peptide Termini Labeling	LABEL=ResearchTechnique
Isotope-Coded Protein Label	LABEL=ResearchTechnique
Stable Isotope Labeling with Amino Acids in Cell Culture	LABEL=ResearchTechnique
No Protein Cleavage Reagent Used	LABEL=ResearchTechnique
Protein Digestion	LABEL=ResearchTechnique
No Cleavage Enzyme Used	LABEL=ResearchTechnique
Unspecified Cleavage Reagents Used	LABEL=ResearchTechnique
Thymic Epithelial Cell	LABEL=Cell
cobas MPX Test	LABEL=ResearchTechnique
ProMark Proteomic Prognostic Test	LABEL=ResearchTechnique
Protein Expression Analysis by Immunohistochemistry	LABEL=ResearchTechnique
Protein Expression Analysis	LABEL=ResearchTechnique
Anaphase	LABEL=AssociatedBiologicalProcess
BrdU Cellular Proliferation Assay	LABEL=ResearchTechnique
Northern Blotting	LABEL=ResearchTechnique
RNA Analysis	LABEL=ResearchTechnique
Southern Blotting	LABEL=ResearchTechnique
Western Blotting	LABEL=ResearchTechnique
Tissue Culture	LABEL=ResearchTechnique
Cell Fusion	LABEL=ResearchTechnique
Cell Growth Process	LABEL=AssociatedBiologicalProcess
Cell Maturation	LABEL=AssociatedBiologicalProcess
Aligned Sequence Read	LABEL=ResearchTechnique
Unaligned Sequence Read	LABEL=ResearchTechnique
Cell Viability Process	LABEL=AssociatedBiologicalProcess
Biomolecule Separation Technology	LABEL=ResearchTechnique
Density Gradient Centrifugation	LABEL=ResearchTechnique
PTGS2 c.-765G/C Polymorphism Profile	LABEL=ResearchTechnique
Column Chromatography	LABEL=ResearchTechnique
Gel Filtration Chromatography	LABEL=ResearchTechnique
Chromosome Banding	LABEL=ResearchTechnique
Gene Mapping	LABEL=ResearchTechnique
Cloning	LABEL=ResearchTechnique
Gene Cloning	LABEL=ResearchTechnique
Crystallography	LABEL=ResearchTechnique
Genotyping Array	LABEL=ResearchTechnique
DNA Microarray Analysis	LABEL=ResearchTechnique
Low-Pass Whole Genome Sequencing	LABEL=ResearchTechnique
Low-Coverage Whole Genome Sequencing	LABEL=ResearchTechnique
DNA Methylation Array	LABEL=ResearchTechnique
Microarray Analysis	LABEL=ResearchTechnique
Decipher Bladder Cancer Assay	LABEL=ResearchTechnique
Electron Spin Resonance Spectroscopy	LABEL=ResearchTechnique
Agarose Gel Electrophoresis	LABEL=ResearchTechnique
Gel Electrophoresis	LABEL=ResearchTechnique
Two Dimensional Gel Electrophoresis	LABEL=ResearchTechnique
Polyacrylamide Gel Electrophoresis	LABEL=ResearchTechnique
Indexed Sequencing	LABEL=ResearchTechnique
Single-indexed Sequencing	LABEL=ResearchTechnique
Dual-indexed Sequencing	LABEL=ResearchTechnique
Epidemiological Method	LABEL=ResearchTechnique
Tumor Panel Sequencing	LABEL=ResearchTechnique
Selected Suppression	LABEL=ResearchTechnique
Vibrio cholerae, Vibrio parahaemolyticus, and/or Vibrio vulnificus DNA Measurement	LABEL=ResearchTechnique
Shigella and/or Enteroinvasive Escherichia coli ipaH DNA Measurement	LABEL=ResearchTechnique
Enterotoxigenic Escherichia coli LtA, ST1a, and/or ST1b DNA Measurement	LABEL=ResearchTechnique
Enteropathogenic Escherichia coli eae DNA Measurement	LABEL=ResearchTechnique
Enteroaggregative Escherichia coli pAA Plasmid aggR and/or aatA DNA Measurement	LABEL=ResearchTechnique
Campylobacter coli, Campylobacter jejuni and/or Campylobacter upsaliensis DNA Measurement	LABEL=ResearchTechnique
Human adenovirus 40 and/or Human adenovirus 41 DNA Measurement	LABEL=ResearchTechnique
Cyclospora cayetanensis DNA Measurement	LABEL=ResearchTechnique
Cryptosporidium DNA Measurement	LABEL=ResearchTechnique
Epstein-Barr DNA Measurement	LABEL=ResearchTechnique
Entamoeba histolytica DNA Measurement	LABEL=ResearchTechnique
Escherichia coli O157 DNA Measurement	LABEL=ResearchTechnique
Giardia lamblia DNA Measurement	LABEL=ResearchTechnique
Lactobacillus crispatus DNA Measurement	LABEL=ResearchTechnique
Plesiomonas shigelloides DNA Measurement	LABEL=ResearchTechnique
Salmonella enterica and/or Salmonella bongori DNA Measurement	LABEL=ResearchTechnique
Vibrio cholerae DNA Measurement	LABEL=ResearchTechnique
Yersinia enterocolitica DNA Measurement	LABEL=ResearchTechnique
Digital Polymerase Chain Reaction	LABEL=ResearchTechnique
Droplet Digital PCR	LABEL=ResearchTechnique
Multiplexed Digital Gene Expression Analysis	LABEL=ResearchTechnique
Gene Expression Analysis	LABEL=ResearchTechnique
Genetic Technique	LABEL=ResearchTechnique
Cxbladder	LABEL=ResearchTechnique
Reduced-Representation Bisulfite Sequencing	LABEL=ResearchTechnique
Interphase Process	LABEL=AssociatedBiologicalProcess
Isoelectric Focusing	LABEL=ResearchTechnique
Karyotyping	LABEL=ResearchTechnique
Genetic Linkage Analysis	LABEL=ResearchTechnique
Magnetic Resonance Spectroscopy	LABEL=ResearchTechnique
Elective Plasma-based CancerSEEK Testing	LABEL=ResearchTechnique
FLT3-Internal Tandem Duplication Allelic Ratio	LABEL=ResearchTechnique
Nucleic Acid Hybridization	LABEL=ResearchTechnique
Organ Culture	LABEL=ResearchTechnique
Peptide Synthesis	LABEL=ResearchTechnique
Pulse Radiolysis	LABEL=ResearchTechnique
Restriction Enzyme Analysis	LABEL=ResearchTechnique
Sister Chromatid Exchange Process	LABEL=AssociatedBiologicalProcess
Spectrometry	LABEL=ResearchTechnique
Negative Regulation of S Phase	LABEL=AssociatedBiologicalProcess
Telophase	LABEL=AssociatedBiologicalProcess
Transfection	LABEL=ResearchTechnique
DNA Fingerprinting	LABEL=ResearchTechnique
Fluorescence Activated Cell Sorting	LABEL=ResearchTechnique
G2 Phase Process	LABEL=AssociatedBiologicalProcess
Mutagenesis	LABEL=ResearchTechnique
Insertional Mutagenesis	LABEL=ResearchTechnique
Site-Directed Mutagenesis	LABEL=ResearchTechnique
Pulsed-Field Gel Electrophoresis	LABEL=ResearchTechnique
Thymic T-Cell Selection	LABEL=AssociatedBiologicalProcess
Cell Ontogeny	LABEL=AssociatedBiologicalProcess
Fluorescence In Situ Hybridization	LABEL=ResearchTechnique
Myeloproliferation	LABEL=AssociatedBiologicalProcess
Restriction Fragment Length Polymorphism Analysis	LABEL=ResearchTechnique
Polymorphism Analysis	LABEL=ResearchTechnique
Capillary Electrophoresis	LABEL=ResearchTechnique
X-Ray Crystallography	LABEL=ResearchTechnique
Fluorescence Spectroscopy	LABEL=ResearchTechnique
Gene Targeting	LABEL=ResearchTechnique
DNA Footprinting	LABEL=ResearchTechnique
Blast Cell Proliferation	LABEL=AssociatedBiologicalProcess
Comparative Genomic Hybridization	LABEL=ResearchTechnique
Representational Difference Analysis	LABEL=ResearchTechnique
Microdissection	LABEL=ResearchTechnique
Microtechnique	LABEL=ResearchTechnique
Reverse Transcriptase-Polymerase Chain Reaction	LABEL=ResearchTechnique
Yeast One/Two-Hybrid System	LABEL=ResearchTechnique
Expression Technologies for DNA and RNA	LABEL=ResearchTechnique
Tandem Mass Spectrometry	LABEL=ResearchTechnique
Gene Knockout	LABEL=ResearchTechnique
Sodium Dodecylsulfate-Polyacrylamide Gel Electrophoresis	LABEL=ResearchTechnique
Chromosome Painting	LABEL=ResearchTechnique
DNA Ploidy Analysis	LABEL=ResearchTechnique
Tumor Replication Error Analysis	LABEL=ResearchTechnique
Megakaryocyte Proliferation	LABEL=AssociatedBiologicalProcess
Serial Analysis of Gene Expression	LABEL=ResearchTechnique
Differential Display	LABEL=ResearchTechnique
Biotechnology, Mass Cell Culture	LABEL=ResearchTechnique
cDNA Library Construction	LABEL=ResearchTechnique
cDNA Subtraction	LABEL=ResearchTechnique
Chromosome Rearrangement Detection	LABEL=ResearchTechnique
Chromosome Transfer	LABEL=ResearchTechnique
Analytical Centrifugation	LABEL=ResearchTechnique
Elutriative Centrifugation	LABEL=ResearchTechnique
Preparative Centrifugation	LABEL=ResearchTechnique
Chemical Fractionation	LABEL=ResearchTechnique
Gene Mapping, Human	LABEL=ResearchTechnique
Gene Mapping, Non-Human	LABEL=ResearchTechnique
Protein Sequencing	LABEL=ResearchTechnique
Optical Methods	LABEL=ResearchTechnique
Phage Display	LABEL=ResearchTechnique
Photometry/Spectrum Analysis, Visible Light	LABEL=ResearchTechnique
Photometry/Spectrum Analysis, X-ray/Neutron	LABEL=ResearchTechnique
Phylogenetic Analysis	LABEL=ResearchTechnique
Post Translational Modification Analysis	LABEL=ResearchTechnique
Spectroscopy, Circular Dichroism	LABEL=ResearchTechnique
TTA System	LABEL=ResearchTechnique
Whole Organism Cloning	LABEL=ResearchTechnique
Antisense Technology	LABEL=ResearchTechnique
Gene Amplification or Deletion Detection	LABEL=ResearchTechnique
SSCP Analysis	LABEL=ResearchTechnique
Conformation Dependent Mutation Detection	LABEL=ResearchTechnique
Dideoxy Fingerprinting	LABEL=ResearchTechnique
Deletion Mutagenesis	LABEL=ResearchTechnique
S1 Protection	LABEL=ResearchTechnique
DNA Ligation	LABEL=ResearchTechnique
Laser Capture Microdissection	LABEL=ResearchTechnique
Fetal Thymic Organ Culture	LABEL=ResearchTechnique
Magnetic Bead Separation	LABEL=ResearchTechnique
Immunoaffinity Chromatography	LABEL=ResearchTechnique
Primary Cell Culture	LABEL=ResearchTechnique
Reflectance or Transmission Spectroscopy	LABEL=ResearchTechnique
Culturing, In Vitro Invertebrate	LABEL=ResearchTechnique
Electrophoretic Mobility Shift Assay	LABEL=ResearchTechnique
Electrospray Ionization	LABEL=ResearchTechnique
Pathway Analysis	LABEL=ResearchTechnique
Equilibrium Centrifugation	LABEL=ResearchTechnique
Chemical Interference	LABEL=ResearchTechnique
G-Banding	LABEL=ResearchTechnique
R-Banding	LABEL=ResearchTechnique
Culturing, In Vitro Vertebrate, Tissue	LABEL=ResearchTechnique
Culturing, In Vitro Vertebrate, Cell	LABEL=ResearchTechnique
Baculovirus Expression System	LABEL=ResearchTechnique
Cocrystallography	LABEL=ResearchTechnique
Sister Chromatid Exchange Assay	LABEL=ResearchTechnique
Nuclear Transfer	LABEL=ResearchTechnique
Fiber FISH	LABEL=ResearchTechnique
Random Peptide Synthesis	LABEL=ResearchTechnique
Run-On Assays	LABEL=ResearchTechnique
DNA-Mediated Gene Transfer	LABEL=ResearchTechnique
Gene Transfer	LABEL=ResearchTechnique
Liposome-Mediated Gene Transfer	LABEL=ResearchTechnique
Atomic Resolution X-Ray Crystallography	LABEL=ResearchTechnique
Clone-Based Physical Mapping	LABEL=ResearchTechnique
Dideoxy Chain Termination DNA Sequencing	LABEL=ResearchTechnique
Shotgun Sequencing	LABEL=ResearchTechnique
Linkage Disequilibrium Mapping	LABEL=ResearchTechnique
Shotgun Sequence Assembly	LABEL=ResearchTechnique
Whole-Genome Shotgun Sequencing	LABEL=ResearchTechnique
YAC-Based STS-Content Mapping	LABEL=ResearchTechnique
YAC Cloning	LABEL=ResearchTechnique
Radioactive Sequencing	LABEL=ResearchTechnique
TdT-Mediated dUTP Nick End Labeling Assay	LABEL=ResearchTechnique
Allelotype Analysis	LABEL=ResearchTechnique
Short Oligonucleotide Mass Analysis	LABEL=ResearchTechnique
Metaphase Spread	LABEL=ResearchTechnique
Tissue Recombination	LABEL=ResearchTechnique
Gelatin Zymography	LABEL=ResearchTechnique
DNase-I Footprinting	LABEL=ResearchTechnique
Matrix-Assisted Laser Desorption/Ionization-Time of Flight Mass Spectrometry	LABEL=ResearchTechnique
Cell Membrane Process	LABEL=AssociatedBiologicalProcess
Molecular Fingerprinting of Tumor	LABEL=ResearchTechnique
Light-Scattering Spectroscopy	LABEL=ResearchTechnique
Cellular Compartment Analysis	LABEL=ResearchTechnique
Microdeposition	LABEL=ResearchTechnique
Microfabrication	LABEL=ResearchTechnique
Spectral Karyotyping	LABEL=ResearchTechnique
Genome Scan	LABEL=ResearchTechnique
Aptamer Technology	LABEL=ResearchTechnique
Tetracycline Control	LABEL=ResearchTechnique
Cell Cycle Phase	LABEL=AssociatedBiologicalProcess
Secondary Cell Culture	LABEL=ResearchTechnique
Adherent Culture	LABEL=ResearchTechnique
Suspension Culture	LABEL=ResearchTechnique
Replication Initiation Point Mapping	LABEL=ResearchTechnique
Gene Amplification Technique	LABEL=ResearchTechnique
Clonal Expansion	LABEL=AssociatedBiologicalProcess
Primer Extension	LABEL=ResearchTechnique
Somatic Cell Hybridization	LABEL=ResearchTechnique
Linker-Scanning Mutagenesis	LABEL=ResearchTechnique
Cell Cycle Completion	LABEL=AssociatedBiologicalProcess
Anchorage-Independent Growth	LABEL=ResearchTechnique
Glial Cell Proliferation	LABEL=AssociatedBiologicalProcess
cDNA Microarray Analysis	LABEL=ResearchTechnique
Cell Movement Process	LABEL=AssociatedBiologicalProcess
Dopaminergic Cell	LABEL=Cell
Islet Cell	LABEL=Cell
Mature Tissue Histiocyte	LABEL=Cell
Pluripotent Bone Marrow Stem Cell	LABEL=Cell
Multipotent Bone Marrow Stem Cell	LABEL=Cell
Thyroid Gland Follicular Cell	LABEL=Cell
Small Intestinal Glandular Cell	LABEL=Cell
Bronchial Epithelial Cell	LABEL=Cell
Endocervical Columnar Cell	LABEL=Cell
Endometrial Glandular Cell	LABEL=Cell
Activated Skin-Homing T-Lymphocyte	LABEL=Cell
Precursor T-Lymphoblast	LABEL=Cell
Precursor Natural Killer Cell	LABEL=Cell
Precursor B-Lymphoblast	LABEL=Cell
Terminal Ductal Lobular Unit Cell	LABEL=Cell
Delta Cell of the Pancreas	LABEL=Cell
Quantitative Reverse Transcriptase PCR	LABEL=ResearchTechnique
Chondroblast	LABEL=Cell
Alpha Cell	LABEL=Cell
Peripheral B-Lymphocyte	LABEL=Cell
Postgerminal Center Marginal Zone B-Lymphocyte	LABEL=Cell
Bone Marrow Stem Cell Committed to the Basophil Lineage	LABEL=Cell
Bone Marrow Stem Cell Committed to the Megakaryocytic Lineage	LABEL=Cell
Bone Marrow-Homing Plasma Cell	LABEL=Cell
Bone Marrow Stem Cell with Potential to Differentiate to Granulocytic Lineage	LABEL=Cell
Adenohypophysial Cell	LABEL=Cell
Alveolar Cell Type I	LABEL=Cell
Alveolar Cell Type II	LABEL=Cell
Argentaffin Cell	LABEL=Cell
Enteroendocrine Cell	LABEL=Cell
Basaloid Cell	LABEL=Cell
Basophilic Cell	LABEL=Cell
Bladder Urothelial Cell	LABEL=Cell
Urothelial Cell	LABEL=Cell
Brush Cell	LABEL=Cell
Cementoblast	LABEL=Cell
Cementocyte	LABEL=Cell
Chief Cell of the Stomach	LABEL=Cell
Chromophobe Cell	LABEL=Cell
Ciliated Bronchial Epithelial Cell	LABEL=Cell
Collecting Cell	LABEL=Cell
Common Thymocyte	LABEL=Cell
Corticotroph Cell	LABEL=Cell
Decidual Cell	LABEL=Cell
Peripheral Epidermotropic T-Lymphocyte	LABEL=Cell
Bone Marrow Stem Cell at the Earliest Stage of Myeloid Differentiation	LABEL=Cell
Endosteal Cell	LABEL=Cell
Esophageal Glandular Cell	LABEL=Cell
Esophageal Squamous Cell	LABEL=Cell
Extraglomerular Mesangial Cell	LABEL=Cell
Fibrous Astrocyte	LABEL=Cell
Follicular Ovarian Cell	LABEL=Cell
Foveolar Cell	LABEL=Cell
Gonadotroph Cell	LABEL=Cell
Fusiform Cell	LABEL=Cell
Blastemal Cell	LABEL=Cell
Glomerular Mesangial Cell	LABEL=Cell
Granulosa Lutein Cell	LABEL=Cell
Ovarian Granulosa Cell	LABEL=Cell
Hepatic Stellate Cell	LABEL=Cell
Horizontal Cell of Cajal	LABEL=Cell
Immature B-Lymphocyte	LABEL=Cell
Inner Hair Cell of the Organ of the Corti	LABEL=Cell
Inner Supporting Cell	LABEL=Cell
Interphase Cell	LABEL=Cell
Interstitial Cell of Cajal	LABEL=Cell
Interstitial Cell of the Pineal Gland	LABEL=Cell
Lactotroph Cell	LABEL=Cell
Large Cleaved Cell	LABEL=Cell
Large Intestinal Glandular Cell	LABEL=Cell
Centroblast	LABEL=Cell
Lipoblast	LABEL=Cell
Low Columnar Cell	LABEL=Cell
Lymphokine-Activated Natural Killer Cell	LABEL=Cell
Maturation-Stage Ameloblast	LABEL=Cell
Mature Thymocyte	LABEL=Cell
Meningothelial Cell	LABEL=Cell
Mesothelial Cell	LABEL=Cell
Monocytoid B-Lymphocyte	LABEL=Cell
Myoblast	LABEL=Cell
Myofibroblast	LABEL=Cell
Outer Hair Cell of the Organ of the Corti	LABEL=Cell
Outer Supporting Cell	LABEL=Cell
Pancreatic Centroacinar Cell	LABEL=Cell
C-Cell	LABEL=Cell
Parathyroid Gland Chief Cell	LABEL=Cell
Parathyroid Gland Parenchymal Cell	LABEL=Cell
Parathyroid Gland Clear Cell	LABEL=Cell
Parathyroid Gland Oxyphil Cell	LABEL=Cell
Periosteal Cell	LABEL=Cell
Peritoneal Mesothelial Cell	LABEL=Cell
Pillar Cell	LABEL=Cell
Pineocyte	LABEL=Cell
Pleural Mesothelial Cell	LABEL=Cell
Bone Marrow Stem Cell with Variable Lineage Potential	LABEL=Cell
Pre-B Lymphocyte	LABEL=Cell
Pre-Thymocyte	LABEL=Cell
Primordial Germ Cell	LABEL=Cell
Prostatic Glandular Cell	LABEL=Cell
Protoplasmic Astrocyte	LABEL=Cell
Renal Cell	LABEL=Cell
Renal Interstitial Cell	LABEL=Cell
Renshaw Cell	LABEL=Cell
Reserve Stem Cell	LABEL=Cell
Secondary Oocyte	LABEL=Cell
Secretory-Stage Ameloblast	LABEL=Cell
Somatotroph Cell	LABEL=Cell
Sebocyte	LABEL=Cell
Tendinocyte	LABEL=Cell
Theca Lutein Cell	LABEL=Cell
Thyrotroph Cell	LABEL=Cell
Totipotent Neuroepithelial Stem Cell	LABEL=Cell
Type I Epithelial Receptor Cell	LABEL=Cell
Type II Epithelial Receptor Cell	LABEL=Cell
Unipolar Neuron	LABEL=Cell
Virchow Cell	LABEL=Cell
Visceral Afferent Neuron	LABEL=Cell
Visceral Efferent Neuron	LABEL=Cell
Ectocervical Squamous Cell	LABEL=Cell
Reserve Cell	LABEL=Cell
Trophoblastic Cell	LABEL=Cell
Intermediate Type Trophoblastic Cell	LABEL=Cell
Endometrial Stromal Cell	LABEL=Cell
Endometrioid Stromal Cell	LABEL=Cell
Mucinous Bronchial Cell	LABEL=Cell
Thyroid Gland Oxyphil Cell	LABEL=Cell
B-Prolymphocyte	LABEL=Cell
T-Prolymphocyte	LABEL=Cell
Immature T-Lymphocyte	LABEL=Cell
Endoderm Cell	LABEL=Cell
Yolk Cell	LABEL=Cell
Angioblast	LABEL=Cell
Ectoderm Cell	LABEL=Cell
Mesoderm Cell	LABEL=Cell
Neural Crest Cell	LABEL=Cell
Immunoblast	LABEL=Cell
B-Immunoblast	LABEL=Cell
T-Immunoblast	LABEL=Cell
Primitive Bone Marrow Myeloid Stem Cell	LABEL=Cell
Salivary Gland Myoepithelial Cell	LABEL=Cell
Renal Pelvis Urothelial Cell	LABEL=Cell
Activated Mature Cytotoxic T-Lymphocyte	LABEL=Cell
Postgerminal Center Memory B-Lymphocyte	LABEL=Cell
Naive Pregerminal Center B-Lymphocyte	LABEL=Cell
Subependymal Cell	LABEL=Cell
Bone Spectrometry	LABEL=ResearchTechnique
Marginal Zone B-Lymphocyte of Nodal Type	LABEL=Cell
Marginal Zone B-Lymphocyte	LABEL=Cell
Mature Cytotoxic T-Lymphocyte	LABEL=Cell
Immature Peripheral Gamma/Delta Cell of Cytotoxic Type	LABEL=Cell
Immature Peripheral Alpha/Beta Cell of Cytotoxic Type	LABEL=Cell
Thymic B-Lymphocyte	LABEL=Cell
Postgerminal Center B-Lymphocyte	LABEL=Cell
Interdigitating Dendritic Cell	LABEL=Cell
Postgerminal Center B-Lymphocyte of Unknown Differentiation Stage	LABEL=Cell
Mature B-Lymphocyte at the Germinal Center Stage of Differentiation	LABEL=Cell
Syncytiotrophoblastic Cell	LABEL=Cell
Cytotrophoblastic Cell	LABEL=Cell
Transformed Peripheral B-Lymphocyte	LABEL=Cell
T-Cell Large Granular Lymphocyte	LABEL=Cell
T-Lymphocyte with a Post-Thymic Immunophenotype	LABEL=Cell
Intraepithelial T-Lymphocyte of the Intestine	LABEL=Cell
Renal Tubular Epithelial Cell	LABEL=Cell
Representational Oligonucleotide Microarray Analysis	LABEL=ResearchTechnique
Nephrogenic Blastemal Cell	LABEL=Cell
Negative Regulation of Antibody Titer	LABEL=AssociatedBiologicalProcess
Adhesion Factor Production	LABEL=AssociatedBiologicalProcess
Adhesion Factor Suppression	LABEL=AssociatedBiologicalProcess
Negative Regulation of Cell-Cell Adhesion	LABEL=AssociatedBiologicalProcess
Regulation of Platelet Aggregation Process	LABEL=AssociatedBiologicalProcess
Negative Regulation of Platelet Aggregation Process	LABEL=AssociatedBiologicalProcess
Leukocyte Apoptotic Process	LABEL=AssociatedBiologicalProcess
Lymphocyte Apoptotic Process	LABEL=AssociatedBiologicalProcess
Myeloid Cell Apoptotic Process	LABEL=AssociatedBiologicalProcess
Hemolytic Process	LABEL=AssociatedBiologicalProcess
Negative Regulation of Immune Cell Destruction	LABEL=AssociatedBiologicalProcess
Negative Regulation of Lymphocyte Apoptotic Process	LABEL=AssociatedBiologicalProcess
Negative Regulation of Myeloid Cell Apoptotic Process	LABEL=AssociatedBiologicalProcess
Negative Regulation of Hemolytic Process	LABEL=AssociatedBiologicalProcess
Metastasis Induction	LABEL=AssociatedBiologicalProcess
Positive Regulation of Meiosis	LABEL=AssociatedBiologicalProcess
Negative Regulation of Meiosis	LABEL=AssociatedBiologicalProcess
Cell Wall Alteration	LABEL=AssociatedBiologicalProcess
Cytoskeletal Synthesis Inhibition	LABEL=AssociatedBiologicalProcess
Keratinization Inhibition	LABEL=AssociatedBiologicalProcess
Chromogenic In Situ Hybridization	LABEL=ResearchTechnique
Bone Marrow Stem Cell with Predominant Neutrophil Differentiation	LABEL=Cell
Eosinophil Precursor Cell	LABEL=Cell
DNA Resequencing	LABEL=ResearchTechnique
Perineurial Cell	LABEL=Cell
Negative Regulation of Cytolytic Process	LABEL=AssociatedBiologicalProcess
Bone Marrow Stem Cell with Potential to Differentiate to Granulocytic and Monocytic Lineages	LABEL=Cell
Bone Marrow Stem Cell with Some Commitment to Monocytic Differentiation	LABEL=Cell
Caspase-Independent Apoptosis	LABEL=AssociatedBiologicalProcess
Multipotent Bone Marrow Stem Cell with Wide Myeloid Potential	LABEL=Cell
Primitive Stem Cell with Some Degree of Commitment to the Erythroid Lineage	LABEL=Cell
Bone Marrow Stem Cell with Potential for Megakaryocytic and Erythroid Differentiation	LABEL=Cell
Eccrine Cell	LABEL=Cell
Apocrine Cell	LABEL=Cell
Adult Stem Cell	LABEL=Cell
Epithelial Stem Cell	LABEL=Cell
Umbilical Cord Blood Stem Cell	LABEL=Cell
Wolffian Duct Cell	LABEL=Cell
Experimental Method	LABEL=ResearchTechnique
Precursor of Plasmacytoid Dendritic Cell	LABEL=Cell
Activated Mature Gamma/Delta T-Lymphocyte with a Cytotoxic Phenotype	LABEL=Cell
Pulmonary Neuroendocrine Cell	LABEL=Cell
Perivascular Epithelioid Cell	LABEL=Cell
EBV-Transformed Late Germinal Center/Post-Germinal Center B-Lymphocyte	LABEL=Cell
EBV-Transformed Mature B-Lymphocyte	LABEL=Cell
Thymic Medullary Epithelial Cell	LABEL=Cell
Thymic Epithelial Cell Capable of Differentiating Towards Both Cortical and Medullary Cell Type	LABEL=Cell
Thymic Epithelial Cell Capable of Differentiating Towards Cortical Cell Type	LABEL=Cell
Thymic Epithelial Stem Cell	LABEL=Cell
Totipotent Primordial Germ Cell	LABEL=Cell
Pluripotent Primordial Germ Cell	LABEL=Cell
Pellet Formation	LABEL=ResearchTechnique
Anoikis	LABEL=AssociatedBiologicalProcess
Piloid Astrocyte	LABEL=Cell
Pituicyte	LABEL=Cell
Precursor Adenohypophysial Cell	LABEL=Cell
Metastatic Inhibitory Effect	LABEL=AssociatedBiologicalProcess
Matrix-Assisted Laser Desorption Ionization Mass Spectrometry	LABEL=ResearchTechnique
Collision-Induced Dissociation	LABEL=ResearchTechnique
Absorbance at 260nm	LABEL=ResearchTechnique
Absorbance at 280nm	LABEL=ResearchTechnique
Adrenal Cortical Cell	LABEL=Cell
Cell	LABEL=Cell
Myopericyte	LABEL=Cell
Mechanism of Cell Death	LABEL=AssociatedBiologicalProcess
Cell Transit Process	LABEL=AssociatedBiologicalProcess
Immunoelectrophoresis	LABEL=ResearchTechnique
Oncotype DX Breast Cancer Assay	LABEL=ResearchTechnique
Isotope-Coded Affinity Tag Protein Analysis	LABEL=ResearchTechnique
Protonation	LABEL=ResearchTechnique
Sedimentation	LABEL=ResearchTechnique
Normalized Quotient	LABEL=ResearchTechnique
Passage	LABEL=ResearchTechnique
Pluripotent Bronchial Precursor Cell	LABEL=Cell
Basal Cell of the Squamous Epithelium	LABEL=Cell
Terminal Duct Cell	LABEL=Cell
Nanoparticle Application	LABEL=ResearchTechnique
Clinical Nanoparticle Application	LABEL=ResearchTechnique
Nanoparticle-Mediated Drug Delivery	LABEL=ResearchTechnique
Non-Clinical Nanoparticle Application	LABEL=ResearchTechnique
Nanofabrication	LABEL=ResearchTechnique
Nanoimprinting	LABEL=ResearchTechnique
Nanolithography	LABEL=ResearchTechnique
Nanoparticle Characterization	LABEL=ResearchTechnique
Nanotechnology Techniques	LABEL=ResearchTechnique
Optical Trap	LABEL=ResearchTechnique
Optical Tweezers	LABEL=ResearchTechnique
Field Flow Fractionation	LABEL=ResearchTechnique
Fluorimetry	LABEL=ResearchTechnique
Light Scattering	LABEL=ResearchTechnique
Multi-Angle Laser Light Scattering	LABEL=ResearchTechnique
Static Light Scattering	LABEL=ResearchTechnique
Glow Discharge Mass Spectrometry	LABEL=ResearchTechnique
Inductively-Coupled Plasma Mass Spectrometry	LABEL=ResearchTechnique
Photon Correlation Spectroscopy	LABEL=ResearchTechnique
Nanoparticle Chemical Characterization	LABEL=ResearchTechnique
Nanoparticle Functionality	LABEL=ResearchTechnique
Nanoparticle Physical Characterization	LABEL=ResearchTechnique
Micellar Template-Mediated Nanoparticle Synthesis	LABEL=ResearchTechnique
Bioluminescence	LABEL=AssociatedBiologicalProcess
Proteomic Profiling	LABEL=ResearchTechnique
Surface-Enhanced Laser Desorption/Ionization-Time of Flight Mass Spectrometry	LABEL=ResearchTechnique
Mutation Carrier Screening	LABEL=ResearchTechnique
Chromosomal Translocation Analysis	LABEL=ResearchTechnique
Clonality Analysis	LABEL=ResearchTechnique
DNA Stability Analysis	LABEL=ResearchTechnique
Loss of Heterozygosity Analysis	LABEL=ResearchTechnique
Polymorphic Microsatellite Marker Analysis	LABEL=ResearchTechnique
Colony-Forming Unit-Granulocyte Macrophage Assay	LABEL=ResearchTechnique
Synchrotron X-Ray Diffraction	LABEL=ResearchTechnique
Pharmacogenetic Test	LABEL=ResearchTechnique
Pharmacogenomic Test	LABEL=ResearchTechnique
Linear Amplification Technique	LABEL=ResearchTechnique
Tryptic Digestion	LABEL=ResearchTechnique
Differential In-Gel Electrophoresis	LABEL=ResearchTechnique
Mononucleated Blood Cell	LABEL=Cell
Nucleated Red Blood Cell	LABEL=Cell
Nucleated Blood Cell	LABEL=Cell
Radioisotopic Labeling	LABEL=ResearchTechnique
CDR3 Spectratyping	LABEL=ResearchTechnique
Hepatitis A Viral Load PCR Measurement	LABEL=ResearchTechnique
Hepatitis B Viral Load PCR Measurement	LABEL=ResearchTechnique
Hepatitis C Viral Load PCR Measurement	LABEL=ResearchTechnique
HIV Viral Load PCR Measurement	LABEL=ResearchTechnique
Gene Knockdown	LABEL=ResearchTechnique
Mobilized Peripheral Blood Stem Cell	LABEL=Cell
Electrophoretic Light Scattering	LABEL=ResearchTechnique
Energy Dispersive Spectroscopy	LABEL=ResearchTechnique
Laser Doppler Velocimetry-Phase Analysis Light Scattering	LABEL=ResearchTechnique
X-Ray Photoelectron Spectroscopy	LABEL=ResearchTechnique
Powder Diffraction	LABEL=ResearchTechnique
Electron Microprobe Analysis	LABEL=ResearchTechnique
Gas Sorption	LABEL=ResearchTechnique
Excision Repair Cross-Complementing 1 Messenger RNA Expression Measurement	LABEL=ResearchTechnique
Ribonucleotide Reductase Messenger RNA Expression Measurement	LABEL=ResearchTechnique
MYCN Messenger RNA Expression Measurement	LABEL=ResearchTechnique
KRAS Mutation Analysis	LABEL=ResearchTechnique
Chromosome 5q31.1 Deletion Measurement	LABEL=ResearchTechnique
Chromosome 5q31-33 Deletion Measurement	LABEL=ResearchTechnique
t(14;18) Status Analysis	LABEL=ResearchTechnique
BRAF V600E Mutation Analysis	LABEL=ResearchTechnique
Fast Protein Liquid Chromatography	LABEL=ResearchTechnique
BRCA1 Mutation Analysis	LABEL=ResearchTechnique
BRCA2 Mutation Analysis	LABEL=ResearchTechnique
Sonication	LABEL=ResearchTechnique
Immortalization	LABEL=ResearchTechnique
MammaPrint	LABEL=ResearchTechnique
Melanoblast	LABEL=Cell
Atomic Absorption Spectroscopy	LABEL=ResearchTechnique
Infrared Spectrometry	LABEL=ResearchTechnique
Optical Density Measurement	LABEL=ResearchTechnique
X-Ray Fluorescence Spectrometry	LABEL=ResearchTechnique
Mycobacterial Interspersed Repetitive Unit Typing	LABEL=ResearchTechnique
Spacer Oligonucleotide Typing	LABEL=ResearchTechnique
In Situ Hybridization Analysis of HPV 16 DNA Sequences	LABEL=ResearchTechnique
BRAF V600K Mutation Analysis	LABEL=ResearchTechnique
Strand Displacement Amplification	LABEL=ResearchTechnique
Cytokine Panel 12	LABEL=ResearchTechnique
Multi-Analyte Fluorescent Detection	LABEL=ResearchTechnique
Cystic Fibrosis Carrier Screening	LABEL=ResearchTechnique
Genetic Screening	LABEL=ResearchTechnique
Whole Genome Association Study	LABEL=ResearchTechnique
Nonspecific Immune Cell	LABEL=Cell
Heteroduplex Analysis	LABEL=ResearchTechnique
Exocrine Pancreas Cell	LABEL=Cell
DNA Gene-expression Microarray	LABEL=ResearchTechnique
Glycan Analysis	LABEL=ResearchTechnique
Cross-Talk	LABEL=AssociatedBiologicalProcess
Presymptomatic Testing	LABEL=ResearchTechnique
Optical Spectroscopy	LABEL=ResearchTechnique
Genomic Profile	LABEL=ResearchTechnique
Colorimetric Cell Viability Assay	LABEL=ResearchTechnique
Rapid Screening Method for Alpha Thalassemia	LABEL=ResearchTechnique
Deimmunization	LABEL=ResearchTechnique
DNA-Directed RNA Interference	LABEL=ResearchTechnique
Mononucleotide Marker Panel	LABEL=ResearchTechnique
Mononucleotide and Dinucleotide Marker Panel	LABEL=ResearchTechnique
Single Cell Gel Electrophoresis	LABEL=ResearchTechnique
Laser Cryo Enrichment	LABEL=ResearchTechnique
CD4 Positive Memory T-Lymphocyte	LABEL=Cell
CD4 Positive Naive T-Lymphocyte	LABEL=Cell
Pyrosequencing	LABEL=ResearchTechnique
COLD-PCR	LABEL=ResearchTechnique
Peptide Nucleic Acid Clamping	LABEL=ResearchTechnique
Isotope Dilution Mass Spectrometry	LABEL=ResearchTechnique
