Nov-26 14:56:31.922 [main] DEBUG nextflow.cli.Launcher - $> nextflow run /home/jcorvi/projects/debbie/debbie-pipeline/pipeline.nf --inputDir /home/jcorvi/DEBBIE_DATA/relevant_abstracts/ --baseDir /home/jcorvi/DEBBIE_DATA/
Nov-26 14:56:32.107 [main] INFO  nextflow.cli.CmdRun - N E X T F L O W  ~  version 19.01.0
Nov-26 14:56:32.178 [main] INFO  nextflow.cli.CmdRun - Launching `/home/jcorvi/projects/debbie/debbie-pipeline/pipeline.nf` [exotic_euler] - revision: a3cae4a22a
Nov-26 14:56:32.210 [main] DEBUG nextflow.config.ConfigBuilder - Found config local: /home/jcorvi/projects/debbie/debbie-pipeline/nextflow.config
Nov-26 14:56:32.211 [main] DEBUG nextflow.config.ConfigBuilder - Parsing config file: /home/jcorvi/projects/debbie/debbie-pipeline/nextflow.config
Nov-26 14:56:32.266 [main] DEBUG nextflow.config.ConfigBuilder - Applying config profile: `standard`
Nov-26 14:56:32.762 [main] DEBUG nextflow.Session - Session uuid: 5c69f69a-cebc-44b6-adb8-ad837922a181
Nov-26 14:56:32.763 [main] DEBUG nextflow.Session - Run name: exotic_euler
Nov-26 14:56:32.763 [main] DEBUG nextflow.Session - Executor pool size: 8
Nov-26 14:56:32.801 [main] DEBUG nextflow.cli.CmdRun - 
  Version: 19.01.0 build 5050
  Modified: 22-01-2019 11:19 UTC (12:19 CEST)
  System: Linux 4.15.0-66-generic
  Runtime: Groovy 2.5.5 on OpenJDK 64-Bit Server VM 11.0.3+7-Ubuntu-1ubuntu218.04.1
  Encoding: UTF-8 (UTF-8)
  Process: 1984@bsclife022 [84.88.51.211]
  CPUs: 8 - Mem: 62.8 GB (11.5 GB) - Swap: 64 GB (29.7 GB)
Nov-26 14:56:32.830 [main] DEBUG nextflow.Session - Work-dir: /home/jcorvi/projects/debbie/debbie-pipeline/work [ext2/ext3]
Nov-26 14:56:32.831 [main] DEBUG nextflow.Session - Script base path does not exist or is not a directory: /home/jcorvi/projects/debbie/debbie-pipeline/bin
Nov-26 14:56:33.351 [main] DEBUG nextflow.Session - Session start invoked
Nov-26 14:56:33.354 [main] DEBUG nextflow.processor.TaskDispatcher - Dispatcher > start
Nov-26 14:56:33.355 [main] DEBUG nextflow.script.ScriptRunner - > Script parsing
Nov-26 14:56:33.659 [main] DEBUG nextflow.script.ScriptRunner - > Launching execution
Nov-26 14:56:33.664 [main] WARN  nextflow.script.ScriptBinding - Access to undefined parameter `umls_config` -- Initialise it to a default value eg. `params.umls_config = some_value`
Nov-26 14:56:33.665 [main] INFO  nextflow.Nextflow - 
The input directory is: /home/jcorvi/DEBBIE_DATA/relevant_abstracts/, Contains the pdf to be processed.
Base directory to use: /home/jcorvi/DEBBIE_DATA/, This directory is used together with the pipeline name (-name parameter) output the results.
The output will be located at /home/jcorvi/DEBBIE_DATA//exotic_euler

UMLS configuration path: null

Nov-26 14:56:33.738 [main] WARN  nextflow.script.ScriptBinding - Access to undefined parameter `paramsout` -- Initialise it to a default value eg. `params.paramsout = some_value`
Nov-26 14:56:33.788 [main] DEBUG nextflow.util.CacheHelper - Config settings `withName:nlp_standard_preprocessing` matches process nlp_standard_preprocessing
Nov-26 14:56:33.790 [main] DEBUG nextflow.processor.ProcessFactory - << taskConfig executor: null
Nov-26 14:56:33.790 [main] DEBUG nextflow.processor.ProcessFactory - >> processorType: 'local'
Nov-26 14:56:33.795 [main] DEBUG nextflow.executor.Executor - Initializing executor: local
Nov-26 14:56:33.797 [main] INFO  nextflow.executor.Executor - [warm up] executor > local
Nov-26 14:56:33.826 [main] DEBUG n.processor.LocalPollingMonitor - Creating local task monitor for executor 'local' > cpus=8; memory=62.8 GB; capacity=8; pollInterval=100ms; dumpInterval=5m
Nov-26 14:56:33.831 [main] DEBUG nextflow.processor.TaskDispatcher - Starting monitor: LocalPollingMonitor
Nov-26 14:56:33.832 [main] DEBUG n.processor.TaskPollingMonitor - >>> barrier register (monitor: local)
Nov-26 14:56:33.836 [main] DEBUG nextflow.executor.Executor - Invoke register for executor: local
Nov-26 14:56:33.872 [main] DEBUG nextflow.Session - >>> barrier register (process: nlp_standard_preprocessing)
Nov-26 14:56:33.875 [main] DEBUG nextflow.processor.TaskProcessor - Creating operator > nlp_standard_preprocessing -- maxForks: 8
Nov-26 14:56:33.904 [main] DEBUG nextflow.util.CacheHelper - Config settings `withName:umls_tagger` matches process umls_tagger
Nov-26 14:56:33.905 [main] DEBUG nextflow.processor.ProcessFactory - << taskConfig executor: null
Nov-26 14:56:33.905 [main] DEBUG nextflow.processor.ProcessFactory - >> processorType: 'local'
Nov-26 14:56:33.905 [main] DEBUG nextflow.executor.Executor - Initializing executor: local
Nov-26 14:56:33.906 [main] DEBUG nextflow.Session - >>> barrier register (process: umls_tagger)
Nov-26 14:56:33.906 [main] DEBUG nextflow.processor.TaskProcessor - Creating operator > umls_tagger -- maxForks: 8
Nov-26 14:56:33.909 [main] DEBUG nextflow.util.CacheHelper - Config settings `withName:medical_materials` matches process medical_materials
Nov-26 14:56:33.910 [main] DEBUG nextflow.processor.ProcessFactory - << taskConfig executor: null
Nov-26 14:56:33.910 [main] DEBUG nextflow.processor.ProcessFactory - >> processorType: 'local'
Nov-26 14:56:33.910 [main] DEBUG nextflow.executor.Executor - Initializing executor: local
Nov-26 14:56:33.911 [main] DEBUG nextflow.Session - >>> barrier register (process: medical_materials)
Nov-26 14:56:33.911 [main] DEBUG nextflow.processor.TaskProcessor - Creating operator > medical_materials -- maxForks: 8
Nov-26 14:56:33.914 [main] DEBUG nextflow.util.CacheHelper - Config settings `withName:gate_to_json` matches process gate_to_json
Nov-26 14:56:33.915 [main] DEBUG nextflow.processor.ProcessFactory - << taskConfig executor: null
Nov-26 14:56:33.915 [main] DEBUG nextflow.processor.ProcessFactory - >> processorType: 'local'
Nov-26 14:56:33.915 [main] DEBUG nextflow.executor.Executor - Initializing executor: local
Nov-26 14:56:33.916 [main] DEBUG nextflow.Session - >>> barrier register (process: gate_to_json)
Nov-26 14:56:33.916 [main] DEBUG nextflow.processor.TaskProcessor - Creating operator > gate_to_json -- maxForks: 8
Nov-26 14:56:33.919 [main] DEBUG nextflow.util.CacheHelper - Config settings `withName:import_json_to_mongo` matches process import_json_to_mongo
Nov-26 14:56:33.919 [main] DEBUG nextflow.processor.ProcessFactory - << taskConfig executor: null
Nov-26 14:56:33.919 [main] DEBUG nextflow.processor.ProcessFactory - >> processorType: 'local'
Nov-26 14:56:33.919 [main] DEBUG nextflow.executor.Executor - Initializing executor: local
Nov-26 14:56:33.922 [main] DEBUG nextflow.Session - >>> barrier register (process: import_json_to_mongo)
Nov-26 14:56:33.922 [main] DEBUG nextflow.processor.TaskProcessor - Creating operator > import_json_to_mongo -- maxForks: 8
Nov-26 14:56:33.924 [main] DEBUG nextflow.script.ScriptRunner - > Await termination 
Nov-26 14:56:33.924 [main] DEBUG nextflow.Session - Session await
Nov-26 14:56:34.073 [Task submitter] DEBUG nextflow.executor.LocalTaskHandler - Launch cmd line: /bin/bash -ue .command.run
Nov-26 14:56:34.078 [Task submitter] INFO  nextflow.Session - [d0/a66af3] Submitted process > nlp_standard_preprocessing (1)
Nov-26 14:56:59.465 [Task monitor] DEBUG n.processor.TaskPollingMonitor - Task completed > TaskHandler[id: 1; name: nlp_standard_preprocessing (1); status: COMPLETED; exit: 0; error: -; workDir: /home/jcorvi/projects/debbie/debbie-pipeline/work/d0/a66af381b6b68d402a34be2995ad88]
Nov-26 14:56:59.475 [Actor Thread 3] DEBUG nextflow.Session - <<< barrier arrive (process: nlp_standard_preprocessing)
Nov-26 14:56:59.513 [Task submitter] DEBUG nextflow.executor.LocalTaskHandler - Launch cmd line: /bin/bash -ue .command.run
Nov-26 14:56:59.513 [Task submitter] INFO  nextflow.Session - [4a/0784ff] Submitted process > umls_tagger (1)
Nov-26 14:58:27.839 [Task monitor] DEBUG n.processor.TaskPollingMonitor - Task completed > TaskHandler[id: 2; name: umls_tagger (1); status: COMPLETED; exit: 0; error: -; workDir: /home/jcorvi/projects/debbie/debbie-pipeline/work/4a/0784ff2a042d629a2122f43dcc07a5]
Nov-26 14:58:27.840 [Actor Thread 3] DEBUG nextflow.Session - <<< barrier arrive (process: umls_tagger)
Nov-26 14:58:27.846 [Task submitter] DEBUG nextflow.executor.LocalTaskHandler - Launch cmd line: /bin/bash -ue .command.run
Nov-26 14:58:27.846 [Task submitter] INFO  nextflow.Session - [fb/a97c7c] Submitted process > medical_materials (1)
Nov-26 14:58:51.599 [Task monitor] DEBUG n.processor.TaskPollingMonitor - Task completed > TaskHandler[id: 3; name: medical_materials (1); status: COMPLETED; exit: 0; error: -; workDir: /home/jcorvi/projects/debbie/debbie-pipeline/work/fb/a97c7c3653391d7263ece958f5fc33]
Nov-26 14:58:51.599 [Actor Thread 7] DEBUG nextflow.Session - <<< barrier arrive (process: medical_materials)
Nov-26 14:58:51.604 [Task submitter] DEBUG nextflow.executor.LocalTaskHandler - Launch cmd line: /bin/bash -ue .command.run
Nov-26 14:58:51.605 [Task submitter] INFO  nextflow.Session - [df/95e3c3] Submitted process > gate_to_json (1)
Nov-26 14:59:01.809 [Task monitor] DEBUG n.processor.TaskPollingMonitor - Task completed > TaskHandler[id: 4; name: gate_to_json (1); status: COMPLETED; exit: 0; error: -; workDir: /home/jcorvi/projects/debbie/debbie-pipeline/work/df/95e3c33a4da38d6bbea910140092c7]
Nov-26 14:59:01.810 [Actor Thread 9] DEBUG nextflow.Session - <<< barrier arrive (process: gate_to_json)
Nov-26 14:59:01.814 [Task submitter] DEBUG nextflow.executor.LocalTaskHandler - Launch cmd line: /bin/bash -ue .command.run
Nov-26 14:59:01.814 [Task submitter] INFO  nextflow.Session - [ac/1b86f4] Submitted process > import_json_to_mongo (1)
Nov-26 14:59:06.104 [Task monitor] DEBUG n.processor.TaskPollingMonitor - Task completed > TaskHandler[id: 5; name: import_json_to_mongo (1); status: COMPLETED; exit: 0; error: -; workDir: /home/jcorvi/projects/debbie/debbie-pipeline/work/ac/1b86f4f272bff307a8026493f606cf]
Nov-26 14:59:06.107 [Actor Thread 11] DEBUG nextflow.Session - <<< barrier arrive (process: import_json_to_mongo)
Nov-26 14:59:06.107 [main] DEBUG nextflow.Session - Session await > all process finished
Nov-26 14:59:06.107 [Task monitor] DEBUG n.processor.TaskPollingMonitor - <<< barrier arrives (monitor: local)
Nov-26 14:59:06.108 [main] DEBUG nextflow.Session - Session await > all barriers passed
Nov-26 14:59:06.113 [main] DEBUG nextflow.trace.StatsObserver - Workflow completed > WorkflowStats[succeedCount=5; failedCount=0; ignoredCount=0; cachedCount=0; succeedDuration=2m 32s; failedDuration=0ms; cachedDuration=0ms]
Nov-26 14:59:06.120 [main] DEBUG nextflow.CacheDB - Closing CacheDB done
Nov-26 14:59:06.201 [main] DEBUG nextflow.script.ScriptRunner - > Execution complete -- Goodbye
