This sources will be use: MSH|CHV|MDR|OMIM|SNOMEDCT_US|ICD10CM|NCBI|WHO|HPO|NCI_CTCAE|SNMI|ICPC2P|MMSL|MTH|ATC|AOD|NCI|NDDF|PDQ|HLV|MEDCIN|NCI_FDA|GO|NCI_CDISC
Semantic maps:
T179|Inorganic Chemical|Biomaterial
T122|Biomedical or Dental Material|Biomaterial
T196|Element Ion or Isotope|Biomaterial
T109|Organic Chemical|Biomaterial
T116|amino acid, peptide, protein|BioactiveSubstance
T123|BiologicallyActiveSubstance|BioactiveSubstance
T121|PharmacologicSubstance|BioactiveSubstance
T074|Medical device|ManufacturedObject
T061|Therapeutic or Preventive Procedure|Application
T104|Chemical Viewed Structurally|Features
T042|Organ or Tissue Function|AssociatedBiologicalProcess 
T044|Molecular Function|AssociatedBiologicalProcess
T043|Cell Function|AssociatedBiologicalProcess
T038|biologic function|AssociatedBiologicalProcess
T025|cell|Cell
T015|Mammal|AnimalModel
T029|Body Location or organ|Tissue
T024|Tissue|Tissue
T023|Body part, organ or organ component|Tissue
T046|Pathologic Function|AdverseEffects
T063|Molecular Biology Research Technique|ResearchTechnique
T059|Laboratory Procedure|ResearchTechnique
Semantic maps to exclude by source:
AOD= T109
ATC= T121
CHV= T023
CHV= T062
CHV= T061
CHV= T073
CHV= T074
CHV= T104
CHV= T109
CHV= T122
CHV= T121
CHV= T167
CHV= T196
GO= T038
GO= T044
HL7V2.5= T167
HL7V2.5= T122
ICPC2P= T061
MEDCIN= T059
MDR= T046
MDR= T042
MTH= T121
MTH= T122
MTH= T167
MTH= T109
MTH= T062
MTH= T073
MMSL= T109
MMSL= T074
MMSL= T121
MSH= T104
NDDF= T109
NCI= T029
NCI= T043
NCI= T044
NCI= T046
NCI= T047
NCI= T059
NCI= T061
NCI= T062
NCI= T073
NCI= T074
NCI= T109
NCI= T116
NCI= T121
NCI= T123
NCI_CDISC= T024
NCI_CDISC= T029
NCI_CDISC= T046
NCI_CDISC= T059
NCI_CDISC= T061
NCI_CDISC= T122
NCI_FDA= T059
NCI_FDA= T073
NCI_FDA= T074
NCI_FDA= T121
OMIM= T061
OMIM= T047
PDQ= T061
PDQ= T109
SNOMEDCT_US= T047
SNOMEDCT_US= T046
SNOMEDCT_US= T022
SNOMEDCT_US= T061
SNOMEDCT_US= T073
SNOMEDCT_US= T074
SNOMEDCT_US= T109
SNOMEDCT_US= T116
SNOMEDCT_US= T121
SNOMEDCT_US= T122
Generating internal dictionary given the configuration
End dictionary generation
App :: main :: INIT PROCESS
App :: main :: END PROCESS
